[2.179s] DEBUG:colcon:Command line arguments: ['/usr/bin/colcon', 'build']
[2.180s] DEBUG:colcon:Parsed command line arguments: Namespace(log_base=None, log_level=None, verb_name='build', build_base='build', install_base='install', merge_install=False, symlink_install=False, test_result_base=None, continue_on_error=False, executor='parallel', parallel_workers=4, event_handlers=None, ignore_user_meta=False, metas=['./colcon.meta'], base_paths=['.'], packages_ignore=None, packages_ignore_regex=None, paths=None, packages_up_to=None, packages_up_to_regex=None, packages_above=None, packages_above_and_dependencies=None, packages_above_depth=None, packages_select_by_dep=None, packages_skip_by_dep=None, packages_skip_up_to=None, packages_select_build_failed=False, packages_skip_build_finished=False, packages_select_test_failures=False, packages_skip_test_passed=False, packages_select=None, packages_skip=None, packages_select_regex=None, packages_skip_regex=None, packages_start=None, packages_end=None, allow_overriding=[], cmake_args=None, cmake_target=None, cmake_target_skip_unavailable=False, cmake_clean_cache=False, cmake_clean_first=False, cmake_force_configure=False, ament_cmake_args=None, catkin_cmake_args=None, catkin_skip_building_tests=False, verb_parser=<colcon_defaults.argument_parser.defaults.DefaultArgumentsDecorator object at 0x7fb626c190>, verb_extension=<colcon_core.verb.build.BuildVerb object at 0x7fb6a626e0>, main=<bound method BuildVerb.main of <colcon_core.verb.build.BuildVerb object at 0x7fb6a626e0>>)
[2.391s] Level 1:colcon.colcon_core.package_discovery:discover_packages(colcon_meta) check parameters
[2.392s] Level 1:colcon.colcon_core.package_discovery:discover_packages(recursive) check parameters
[2.392s] Level 1:colcon.colcon_core.package_discovery:discover_packages(ignore) check parameters
[2.392s] Level 1:colcon.colcon_core.package_discovery:discover_packages(path) check parameters
[2.393s] Level 1:colcon.colcon_core.package_discovery:discover_packages(colcon_meta) discover
[2.393s] Level 1:colcon.colcon_core.package_discovery:discover_packages(recursive) discover
[2.393s] INFO:colcon.colcon_core.package_discovery:Crawling recursively for packages in '/home/odroid/ros2_ws'
[2.394s] Level 1:colcon.colcon_core.package_identification:_identify(.) by extensions ['ignore', 'ignore_ament_install']
[2.394s] Level 1:colcon.colcon_core.package_identification:_identify(.) by extension 'ignore'
[2.394s] Level 1:colcon.colcon_core.package_identification:_identify(.) by extension 'ignore_ament_install'
[2.395s] Level 1:colcon.colcon_core.package_identification:_identify(.) by extensions ['colcon_pkg']
[2.395s] Level 1:colcon.colcon_core.package_identification:_identify(.) by extension 'colcon_pkg'
[2.395s] Level 1:colcon.colcon_core.package_identification:_identify(.) by extensions ['colcon_meta']
[2.396s] Level 1:colcon.colcon_core.package_identification:_identify(.) by extension 'colcon_meta'
[2.396s] Level 1:colcon.colcon_core.package_identification:_identify(.) by extensions ['ros']
[2.396s] Level 1:colcon.colcon_core.package_identification:_identify(.) by extension 'ros'
[2.470s] Level 1:colcon.colcon_core.package_identification:_identify(.) by extensions ['cmake', 'python']
[2.470s] Level 1:colcon.colcon_core.package_identification:_identify(.) by extension 'cmake'
[2.471s] Level 1:colcon.colcon_core.package_identification:_identify(.) by extension 'python'
[2.471s] Level 1:colcon.colcon_core.package_identification:_identify(.) by extensions ['python_setup_py']
[2.471s] Level 1:colcon.colcon_core.package_identification:_identify(.) by extension 'python_setup_py'
[2.472s] Level 1:colcon.colcon_core.package_identification:_identify(build) by extensions ['ignore', 'ignore_ament_install']
[2.472s] Level 1:colcon.colcon_core.package_identification:_identify(build) by extension 'ignore'
[2.473s] Level 1:colcon.colcon_core.package_identification:_identify(build) ignored
[2.473s] Level 1:colcon.colcon_core.package_identification:_identify(install) by extensions ['ignore', 'ignore_ament_install']
[2.474s] Level 1:colcon.colcon_core.package_identification:_identify(install) by extension 'ignore'
[2.474s] Level 1:colcon.colcon_core.package_identification:_identify(install) ignored
[2.475s] Level 1:colcon.colcon_core.package_identification:_identify(log) by extensions ['ignore', 'ignore_ament_install']
[2.475s] Level 1:colcon.colcon_core.package_identification:_identify(log) by extension 'ignore'
[2.476s] Level 1:colcon.colcon_core.package_identification:_identify(log) ignored
[2.476s] Level 1:colcon.colcon_core.package_identification:_identify(src) by extensions ['ignore', 'ignore_ament_install']
[2.477s] Level 1:colcon.colcon_core.package_identification:_identify(src) by extension 'ignore'
[2.477s] Level 1:colcon.colcon_core.package_identification:_identify(src) by extension 'ignore_ament_install'
[2.477s] Level 1:colcon.colcon_core.package_identification:_identify(src) by extensions ['colcon_pkg']
[2.478s] Level 1:colcon.colcon_core.package_identification:_identify(src) by extension 'colcon_pkg'
[2.478s] Level 1:colcon.colcon_core.package_identification:_identify(src) by extensions ['colcon_meta']
[2.478s] Level 1:colcon.colcon_core.package_identification:_identify(src) by extension 'colcon_meta'
[2.478s] Level 1:colcon.colcon_core.package_identification:_identify(src) by extensions ['ros']
[2.479s] Level 1:colcon.colcon_core.package_identification:_identify(src) by extension 'ros'
[2.479s] Level 1:colcon.colcon_core.package_identification:_identify(src) by extensions ['cmake', 'python']
[2.479s] Level 1:colcon.colcon_core.package_identification:_identify(src) by extension 'cmake'
[2.480s] Level 1:colcon.colcon_core.package_identification:_identify(src) by extension 'python'
[2.480s] Level 1:colcon.colcon_core.package_identification:_identify(src) by extensions ['python_setup_py']
[2.480s] Level 1:colcon.colcon_core.package_identification:_identify(src) by extension 'python_setup_py'
[2.481s] Level 1:colcon.colcon_core.package_identification:_identify(src/crawler) by extensions ['ignore', 'ignore_ament_install']
[2.481s] Level 1:colcon.colcon_core.package_identification:_identify(src/crawler) by extension 'ignore'
[2.481s] Level 1:colcon.colcon_core.package_identification:_identify(src/crawler) by extension 'ignore_ament_install'
[2.482s] Level 1:colcon.colcon_core.package_identification:_identify(src/crawler) by extensions ['colcon_pkg']
[2.482s] Level 1:colcon.colcon_core.package_identification:_identify(src/crawler) by extension 'colcon_pkg'
[2.482s] Level 1:colcon.colcon_core.package_identification:_identify(src/crawler) by extensions ['colcon_meta']
[2.482s] Level 1:colcon.colcon_core.package_identification:_identify(src/crawler) by extension 'colcon_meta'
[2.483s] Level 1:colcon.colcon_core.package_identification:_identify(src/crawler) by extensions ['ros']
[2.483s] Level 1:colcon.colcon_core.package_identification:_identify(src/crawler) by extension 'ros'
[2.495s] DEBUG:colcon.colcon_core.package_identification:Package 'src/crawler' with type 'ros.ament_python' and name 'crawler'
[2.495s] Level 1:colcon.colcon_core.package_discovery:discover_packages(recursive) using defaults
[2.496s] Level 1:colcon.colcon_core.package_discovery:discover_packages(ignore) discover
[2.496s] Level 1:colcon.colcon_core.package_discovery:discover_packages(ignore) using defaults
[2.496s] Level 1:colcon.colcon_core.package_discovery:discover_packages(path) discover
[2.496s] Level 1:colcon.colcon_core.package_discovery:discover_packages(path) using defaults
[2.638s] Level 1:colcon.colcon_core.package_discovery:discover_packages(prefix_path) check parameters
[2.639s] Level 1:colcon.colcon_core.package_discovery:discover_packages(prefix_path) discover
[2.655s] DEBUG:colcon.colcon_installed_package_information.package_discovery:Found 1 installed packages in /home/odroid/ros2_ws/install
[2.666s] DEBUG:colcon.colcon_installed_package_information.package_discovery:Found 274 installed packages in /opt/ros/humble
[2.677s] Level 1:colcon.colcon_core.package_discovery:discover_packages(prefix_path) using defaults
[3.102s] Level 5:colcon.colcon_core.verb:set package 'crawler' build argument 'cmake_args' from command line to 'None'
[3.102s] Level 5:colcon.colcon_core.verb:set package 'crawler' build argument 'cmake_target' from command line to 'None'
[3.102s] Level 5:colcon.colcon_core.verb:set package 'crawler' build argument 'cmake_target_skip_unavailable' from command line to 'False'
[3.102s] Level 5:colcon.colcon_core.verb:set package 'crawler' build argument 'cmake_clean_cache' from command line to 'False'
[3.103s] Level 5:colcon.colcon_core.verb:set package 'crawler' build argument 'cmake_clean_first' from command line to 'False'
[3.103s] Level 5:colcon.colcon_core.verb:set package 'crawler' build argument 'cmake_force_configure' from command line to 'False'
[3.103s] Level 5:colcon.colcon_core.verb:set package 'crawler' build argument 'ament_cmake_args' from command line to 'None'
[3.103s] Level 5:colcon.colcon_core.verb:set package 'crawler' build argument 'catkin_cmake_args' from command line to 'None'
[3.103s] Level 5:colcon.colcon_core.verb:set package 'crawler' build argument 'catkin_skip_building_tests' from command line to 'False'
[3.103s] DEBUG:colcon.colcon_core.verb:Building package 'crawler' with the following arguments: {'ament_cmake_args': None, 'build_base': '/home/odroid/ros2_ws/build/crawler', 'catkin_cmake_args': None, 'catkin_skip_building_tests': False, 'cmake_args': None, 'cmake_clean_cache': False, 'cmake_clean_first': False, 'cmake_force_configure': False, 'cmake_target': None, 'cmake_target_skip_unavailable': False, 'install_base': '/home/odroid/ros2_ws/install/crawler', 'merge_install': False, 'path': '/home/odroid/ros2_ws/src/crawler', 'symlink_install': False, 'test_result_base': None}
[3.108s] INFO:colcon.colcon_core.executor:Executing jobs using 'parallel' executor
[3.129s] DEBUG:colcon.colcon_parallel_executor.executor.parallel:run_until_complete
[3.131s] INFO:colcon.colcon_ros.task.ament_python.build:Building ROS package in '/home/odroid/ros2_ws/src/crawler' with build type 'ament_python'
[3.132s] Level 1:colcon.colcon_core.shell:create_environment_hook('crawler', 'ament_prefix_path')
[3.158s] INFO:colcon.colcon_core.plugin_system:Skipping extension 'colcon_core.shell.bat': Not used on non-Windows systems
[3.160s] INFO:colcon.colcon_core.shell:Creating environment hook '/home/odroid/ros2_ws/install/crawler/share/crawler/hook/ament_prefix_path.ps1'
[3.163s] INFO:colcon.colcon_core.shell:Creating environment descriptor '/home/odroid/ros2_ws/install/crawler/share/crawler/hook/ament_prefix_path.dsv'
[3.167s] INFO:colcon.colcon_core.shell:Creating environment hook '/home/odroid/ros2_ws/install/crawler/share/crawler/hook/ament_prefix_path.sh'
[3.179s] INFO:colcon.colcon_core.shell:Skip shell extension 'powershell' for command environment: Not usable outside of PowerShell
[3.180s] DEBUG:colcon.colcon_core.shell:Skip shell extension 'dsv' for command environment
[5.178s] INFO:colcon.colcon_core.task.python.build:Building Python package in '/home/odroid/ros2_ws/src/crawler'
[5.188s] INFO:colcon.colcon_core.shell:Skip shell extension 'powershell' for command environment: Not usable outside of PowerShell
[5.189s] DEBUG:colcon.colcon_core.shell:Skip shell extension 'dsv' for command environment
[7.661s] DEBUG:colcon.colcon_core.event_handler.log_command:Invoking command in '/home/odroid/ros2_ws/src/crawler': PYTHONPATH=/home/odroid/ros2_ws/build/crawler/prefix_override:/home/odroid/ros2_ws/install/crawler/lib/python3.10/site-packages:${PYTHONPATH} /usr/bin/python3 setup.py egg_info --egg-base ../../build/crawler build --build-base /home/odroid/ros2_ws/build/crawler/build install --record /home/odroid/ros2_ws/build/crawler/install.log --single-version-externally-managed
[9.830s] DEBUG:colcon.colcon_core.event_handler.log_command:Invoked command in '/home/odroid/ros2_ws/src/crawler' returned '0': PYTHONPATH=/home/odroid/ros2_ws/build/crawler/prefix_override:/home/odroid/ros2_ws/install/crawler/lib/python3.10/site-packages:${PYTHONPATH} /usr/bin/python3 setup.py egg_info --egg-base ../../build/crawler build --build-base /home/odroid/ros2_ws/build/crawler/build install --record /home/odroid/ros2_ws/build/crawler/install.log --single-version-externally-managed
[9.858s] Level 1:colcon.colcon_core.environment:checking '/home/odroid/ros2_ws/install/crawler' for CMake module files
[9.861s] Level 1:colcon.colcon_core.environment:checking '/home/odroid/ros2_ws/install/crawler' for CMake config files
[9.864s] Level 1:colcon.colcon_core.environment:checking '/home/odroid/ros2_ws/install/crawler/lib'
[9.865s] Level 1:colcon.colcon_core.environment:checking '/home/odroid/ros2_ws/install/crawler/bin'
[9.866s] Level 1:colcon.colcon_core.environment:checking '/home/odroid/ros2_ws/install/crawler/lib/pkgconfig/crawler.pc'
[9.868s] Level 1:colcon.colcon_core.environment:checking '/home/odroid/ros2_ws/install/crawler/lib/python3.10/site-packages'
[9.868s] Level 1:colcon.colcon_core.shell:create_environment_hook('crawler', 'pythonpath')
[9.877s] INFO:colcon.colcon_core.shell:Creating environment hook '/home/odroid/ros2_ws/install/crawler/share/crawler/hook/pythonpath.ps1'
[9.879s] INFO:colcon.colcon_core.shell:Creating environment descriptor '/home/odroid/ros2_ws/install/crawler/share/crawler/hook/pythonpath.dsv'
[9.881s] INFO:colcon.colcon_core.shell:Creating environment hook '/home/odroid/ros2_ws/install/crawler/share/crawler/hook/pythonpath.sh'
[9.884s] Level 1:colcon.colcon_core.environment:checking '/home/odroid/ros2_ws/install/crawler/bin'
[9.885s] Level 1:colcon.colcon_core.environment:create_environment_scripts_only(crawler)
[9.894s] INFO:colcon.colcon_core.shell:Creating package script '/home/odroid/ros2_ws/install/crawler/share/crawler/package.ps1'
[9.901s] INFO:colcon.colcon_core.shell:Creating package descriptor '/home/odroid/ros2_ws/install/crawler/share/crawler/package.dsv'
[9.905s] INFO:colcon.colcon_core.shell:Creating package script '/home/odroid/ros2_ws/install/crawler/share/crawler/package.sh'
[9.909s] INFO:colcon.colcon_core.shell:Creating package script '/home/odroid/ros2_ws/install/crawler/share/crawler/package.bash'
[9.914s] INFO:colcon.colcon_core.shell:Creating package script '/home/odroid/ros2_ws/install/crawler/share/crawler/package.zsh'
[9.919s] Level 1:colcon.colcon_core.environment:create_file_with_runtime_dependencies(/home/odroid/ros2_ws/install/crawler/share/colcon-core/packages/crawler)
[9.920s] DEBUG:colcon.colcon_parallel_executor.executor.parallel:closing loop
[9.925s] DEBUG:colcon.colcon_parallel_executor.executor.parallel:loop closed
[9.925s] DEBUG:colcon.colcon_parallel_executor.executor.parallel:run_until_complete finished with '0'
[9.926s] DEBUG:colcon.colcon_core.event_reactor:joining thread
[9.958s] INFO:colcon.colcon_core.plugin_system:Skipping extension 'colcon_notification.desktop_notification.terminal_notifier': Not used on non-Darwin systems
[9.959s] INFO:colcon.colcon_core.plugin_system:Skipping extension 'colcon_notification.desktop_notification.win32': Not used on non-Windows systems
[9.960s] INFO:colcon.colcon_notification.desktop_notification:Sending desktop notification using 'notify2'
[10.578s] DEBUG:colcon.colcon_core.event_reactor:joined thread
[10.588s] INFO:colcon.colcon_core.shell:Creating prefix script '/home/odroid/ros2_ws/install/local_setup.ps1'
[10.593s] INFO:colcon.colcon_core.shell:Creating prefix util module '/home/odroid/ros2_ws/install/_local_setup_util_ps1.py'
[10.601s] INFO:colcon.colcon_core.shell:Creating prefix chain script '/home/odroid/ros2_ws/install/setup.ps1'
[10.609s] INFO:colcon.colcon_core.shell:Creating prefix script '/home/odroid/ros2_ws/install/local_setup.sh'
[10.612s] INFO:colcon.colcon_core.shell:Creating prefix util module '/home/odroid/ros2_ws/install/_local_setup_util_sh.py'
[10.616s] INFO:colcon.colcon_core.shell:Creating prefix chain script '/home/odroid/ros2_ws/install/setup.sh'
[10.624s] INFO:colcon.colcon_core.shell:Creating prefix script '/home/odroid/ros2_ws/install/local_setup.bash'
[10.628s] INFO:colcon.colcon_core.shell:Creating prefix chain script '/home/odroid/ros2_ws/install/setup.bash'
[10.635s] INFO:colcon.colcon_core.shell:Creating prefix script '/home/odroid/ros2_ws/install/local_setup.zsh'
[10.638s] INFO:colcon.colcon_core.shell:Creating prefix chain script '/home/odroid/ros2_ws/install/setup.zsh'
