/home/odroid/ros2_ws/install/crawler/lib/python3.10/site-packages/crawler/__init__.py
/home/odroid/ros2_ws/install/crawler/lib/python3.10/site-packages/crawler/crawler.py
/home/odroid/ros2_ws/install/crawler/lib/python3.10/site-packages/crawler/exemple_publish.py
/home/odroid/ros2_ws/install/crawler/lib/python3.10/site-packages/crawler/calibrate.py
/home/odroid/ros2_ws/install/crawler/lib/python3.10/site-packages/crawler/test_crawler_motor.py
/home/odroid/ros2_ws/install/crawler/lib/python3.10/site-packages/crawler/motor.py
/home/odroid/ros2_ws/install/crawler/lib/python3.10/site-packages/crawler/config.py
/home/odroid/ros2_ws/install/crawler/lib/python3.10/site-packages/crawler/test_crawler_motor2.py
/home/odroid/ros2_ws/install/crawler/lib/python3.10/site-packages/crawler/__pycache__/__init__.cpython-310.pyc
/home/odroid/ros2_ws/install/crawler/lib/python3.10/site-packages/crawler/__pycache__/crawler.cpython-310.pyc
/home/odroid/ros2_ws/install/crawler/lib/python3.10/site-packages/crawler/__pycache__/exemple_publish.cpython-310.pyc
/home/odroid/ros2_ws/install/crawler/lib/python3.10/site-packages/crawler/__pycache__/calibrate.cpython-310.pyc
/home/odroid/ros2_ws/install/crawler/lib/python3.10/site-packages/crawler/__pycache__/test_crawler_motor.cpython-310.pyc
/home/odroid/ros2_ws/install/crawler/lib/python3.10/site-packages/crawler/__pycache__/motor.cpython-310.pyc
/home/odroid/ros2_ws/install/crawler/lib/python3.10/site-packages/crawler/__pycache__/config.cpython-310.pyc
/home/odroid/ros2_ws/install/crawler/lib/python3.10/site-packages/crawler/__pycache__/test_crawler_motor2.cpython-310.pyc
/home/odroid/ros2_ws/install/crawler/share/ament_index/resource_index/packages/crawler
/home/odroid/ros2_ws/install/crawler/share/crawler/package.xml
/home/odroid/ros2_ws/install/crawler/lib/python3.10/site-packages/crawler-0.0.0-py3.10.egg-info/requires.txt
/home/odroid/ros2_ws/install/crawler/lib/python3.10/site-packages/crawler-0.0.0-py3.10.egg-info/PKG-INFO
/home/odroid/ros2_ws/install/crawler/lib/python3.10/site-packages/crawler-0.0.0-py3.10.egg-info/zip-safe
/home/odroid/ros2_ws/install/crawler/lib/python3.10/site-packages/crawler-0.0.0-py3.10.egg-info/top_level.txt
/home/odroid/ros2_ws/install/crawler/lib/python3.10/site-packages/crawler-0.0.0-py3.10.egg-info/entry_points.txt
/home/odroid/ros2_ws/install/crawler/lib/python3.10/site-packages/crawler-0.0.0-py3.10.egg-info/dependency_links.txt
/home/odroid/ros2_ws/install/crawler/lib/python3.10/site-packages/crawler-0.0.0-py3.10.egg-info/SOURCES.txt
