[4.329s] Invoking command in '/home/odroid/ros2_ws/src/crawler': PYTHONPATH=/home/odroid/ros2_ws/build/crawler/prefix_override:/home/odroid/ros2_ws/install/crawler/lib/python3.10/site-packages:${PYTHONPATH} /usr/bin/python3 setup.py egg_info --egg-base ../../build/crawler build --build-base /home/odroid/ros2_ws/build/crawler/build install --record /home/odroid/ros2_ws/build/crawler/install.log --single-version-externally-managed
[6.111s] running egg_info
[6.115s] creating ../../build/crawler/crawler.egg-info
[6.116s] writing ../../build/crawler/crawler.egg-info/PKG-INFO
[6.117s] writing dependency_links to ../../build/crawler/crawler.egg-info/dependency_links.txt
[6.119s] writing entry points to ../../build/crawler/crawler.egg-info/entry_points.txt
[6.120s] writing requirements to ../../build/crawler/crawler.egg-info/requires.txt
[6.121s] writing top-level names to ../../build/crawler/crawler.egg-info/top_level.txt
[6.122s] writing manifest file '../../build/crawler/crawler.egg-info/SOURCES.txt'
[6.131s] reading manifest file '../../build/crawler/crawler.egg-info/SOURCES.txt'
[6.136s] writing manifest file '../../build/crawler/crawler.egg-info/SOURCES.txt'
[6.137s] running build
[6.138s] running build_py
[6.139s] creating /home/odroid/ros2_ws/build/crawler/build
[6.140s] creating /home/odroid/ros2_ws/build/crawler/build/lib
[6.140s] creating /home/odroid/ros2_ws/build/crawler/build/lib/crawler
[6.141s] copying crawler/__init__.py -> /home/odroid/ros2_ws/build/crawler/build/lib/crawler
[6.142s] copying crawler/crawler.py -> /home/odroid/ros2_ws/build/crawler/build/lib/crawler
[6.143s] copying crawler/exemple_publish.py -> /home/odroid/ros2_ws/build/crawler/build/lib/crawler
[6.144s] copying crawler/calibrate.py -> /home/odroid/ros2_ws/build/crawler/build/lib/crawler
[6.144s] copying crawler/test_crawler_motor.py -> /home/odroid/ros2_ws/build/crawler/build/lib/crawler
[6.145s] copying crawler/motor.py -> /home/odroid/ros2_ws/build/crawler/build/lib/crawler
[6.146s] copying crawler/config.py -> /home/odroid/ros2_ws/build/crawler/build/lib/crawler
[6.146s] copying crawler/test_crawler_motor2.py -> /home/odroid/ros2_ws/build/crawler/build/lib/crawler
[6.148s] running install
[6.149s] /usr/lib/python3/dist-packages/setuptools/command/install.py:34: SetuptoolsDeprecationWarning: setup.py install is deprecated. Use build and pip and other standards-based tools.
[6.150s]   warnings.warn(
[6.151s] running install_lib
[6.155s] creating /home/odroid/ros2_ws/install/crawler/lib/python3.10/site-packages/crawler
[6.156s] copying /home/odroid/ros2_ws/build/crawler/build/lib/crawler/__init__.py -> /home/odroid/ros2_ws/install/crawler/lib/python3.10/site-packages/crawler
[6.156s] copying /home/odroid/ros2_ws/build/crawler/build/lib/crawler/crawler.py -> /home/odroid/ros2_ws/install/crawler/lib/python3.10/site-packages/crawler
[6.157s] copying /home/odroid/ros2_ws/build/crawler/build/lib/crawler/exemple_publish.py -> /home/odroid/ros2_ws/install/crawler/lib/python3.10/site-packages/crawler
[6.158s] copying /home/odroid/ros2_ws/build/crawler/build/lib/crawler/calibrate.py -> /home/odroid/ros2_ws/install/crawler/lib/python3.10/site-packages/crawler
[6.159s] copying /home/odroid/ros2_ws/build/crawler/build/lib/crawler/test_crawler_motor.py -> /home/odroid/ros2_ws/install/crawler/lib/python3.10/site-packages/crawler
[6.160s] copying /home/odroid/ros2_ws/build/crawler/build/lib/crawler/motor.py -> /home/odroid/ros2_ws/install/crawler/lib/python3.10/site-packages/crawler
[6.160s] copying /home/odroid/ros2_ws/build/crawler/build/lib/crawler/config.py -> /home/odroid/ros2_ws/install/crawler/lib/python3.10/site-packages/crawler
[6.161s] copying /home/odroid/ros2_ws/build/crawler/build/lib/crawler/test_crawler_motor2.py -> /home/odroid/ros2_ws/install/crawler/lib/python3.10/site-packages/crawler
[6.163s] byte-compiling /home/odroid/ros2_ws/install/crawler/lib/python3.10/site-packages/crawler/__init__.py to __init__.cpython-310.pyc
[6.164s] byte-compiling /home/odroid/ros2_ws/install/crawler/lib/python3.10/site-packages/crawler/crawler.py to crawler.cpython-310.pyc
[6.172s] byte-compiling /home/odroid/ros2_ws/install/crawler/lib/python3.10/site-packages/crawler/exemple_publish.py to exemple_publish.cpython-310.pyc
[6.174s] byte-compiling /home/odroid/ros2_ws/install/crawler/lib/python3.10/site-packages/crawler/calibrate.py to calibrate.cpython-310.pyc
[6.179s] byte-compiling /home/odroid/ros2_ws/install/crawler/lib/python3.10/site-packages/crawler/test_crawler_motor.py to test_crawler_motor.cpython-310.pyc
[6.183s] Sorry: TabError: inconsistent use of tabs and spaces in indentation (test_crawler_motor.py, line 92)
[6.186s] byte-compiling /home/odroid/ros2_ws/install/crawler/lib/python3.10/site-packages/crawler/motor.py to motor.cpython-310.pyc
[6.188s] byte-compiling /home/odroid/ros2_ws/install/crawler/lib/python3.10/site-packages/crawler/config.py to config.cpython-310.pyc
[6.190s] byte-compiling /home/odroid/ros2_ws/install/crawler/lib/python3.10/site-packages/crawler/test_crawler_motor2.py to test_crawler_motor2.cpython-310.pyc
[6.194s] running install_data
[6.198s] creating /home/odroid/ros2_ws/install/crawler/share/ament_index
[6.199s] creating /home/odroid/ros2_ws/install/crawler/share/ament_index/resource_index
[6.199s] creating /home/odroid/ros2_ws/install/crawler/share/ament_index/resource_index/packages
[6.200s] copying resource/crawler -> /home/odroid/ros2_ws/install/crawler/share/ament_index/resource_index/packages
[6.200s] copying package.xml -> /home/odroid/ros2_ws/install/crawler/share/crawler
[6.201s] running install_egg_info
[6.210s] Copying ../../build/crawler/crawler.egg-info to /home/odroid/ros2_ws/install/crawler/lib/python3.10/site-packages/crawler-0.0.0-py3.10.egg-info
[6.223s] running install_scripts
[6.346s] writing list of installed files to '/home/odroid/ros2_ws/build/crawler/install.log'
[6.556s] Invoked command in '/home/odroid/ros2_ws/src/crawler' returned '0': PYTHONPATH=/home/odroid/ros2_ws/build/crawler/prefix_override:/home/odroid/ros2_ws/install/crawler/lib/python3.10/site-packages:${PYTHONPATH} /usr/bin/python3 setup.py egg_info --egg-base ../../build/crawler build --build-base /home/odroid/ros2_ws/build/crawler/build install --record /home/odroid/ros2_ws/build/crawler/install.log --single-version-externally-managed
