[2.902s] DEBUG:colcon:Command line arguments: ['/usr/bin/colcon', 'build']
[2.903s] DEBUG:colcon:Parsed command line arguments: Namespace(log_base=None, log_level=None, verb_name='build', build_base='build', install_base='install', merge_install=False, symlink_install=False, test_result_base=None, continue_on_error=False, executor='parallel', parallel_workers=4, event_handlers=None, ignore_user_meta=False, metas=['./colcon.meta'], base_paths=['.'], packages_ignore=None, packages_ignore_regex=None, paths=None, packages_up_to=None, packages_up_to_regex=None, packages_above=None, packages_above_and_dependencies=None, packages_above_depth=None, packages_select_by_dep=None, packages_skip_by_dep=None, packages_skip_up_to=None, packages_select_build_failed=False, packages_skip_build_finished=False, packages_select_test_failures=False, packages_skip_test_passed=False, packages_select=None, packages_skip=None, packages_select_regex=None, packages_skip_regex=None, packages_start=None, packages_end=None, allow_overriding=[], cmake_args=None, cmake_target=None, cmake_target_skip_unavailable=False, cmake_clean_cache=False, cmake_clean_first=False, cmake_force_configure=False, ament_cmake_args=None, catkin_cmake_args=None, catkin_skip_building_tests=False, verb_parser=<colcon_defaults.argument_parser.defaults.DefaultArgumentsDecorator object at 0x7fb4b7ff70>, verb_extension=<colcon_core.verb.build.BuildVerb object at 0x7fb53be290>, main=<bound method BuildVerb.main of <colcon_core.verb.build.BuildVerb object at 0x7fb53be290>>)
[3.200s] Level 1:colcon.colcon_core.package_discovery:discover_packages(colcon_meta) check parameters
[3.200s] Level 1:colcon.colcon_core.package_discovery:discover_packages(recursive) check parameters
[3.201s] Level 1:colcon.colcon_core.package_discovery:discover_packages(ignore) check parameters
[3.201s] Level 1:colcon.colcon_core.package_discovery:discover_packages(path) check parameters
[3.201s] Level 1:colcon.colcon_core.package_discovery:discover_packages(colcon_meta) discover
[3.201s] Level 1:colcon.colcon_core.package_discovery:discover_packages(recursive) discover
[3.202s] INFO:colcon.colcon_core.package_discovery:Crawling recursively for packages in '/home/odroid/ros2_ws'
[3.202s] Level 1:colcon.colcon_core.package_identification:_identify(.) by extensions ['ignore', 'ignore_ament_install']
[3.202s] Level 1:colcon.colcon_core.package_identification:_identify(.) by extension 'ignore'
[3.203s] Level 1:colcon.colcon_core.package_identification:_identify(.) by extension 'ignore_ament_install'
[3.203s] Level 1:colcon.colcon_core.package_identification:_identify(.) by extensions ['colcon_pkg']
[3.203s] Level 1:colcon.colcon_core.package_identification:_identify(.) by extension 'colcon_pkg'
[3.204s] Level 1:colcon.colcon_core.package_identification:_identify(.) by extensions ['colcon_meta']
[3.204s] Level 1:colcon.colcon_core.package_identification:_identify(.) by extension 'colcon_meta'
[3.204s] Level 1:colcon.colcon_core.package_identification:_identify(.) by extensions ['ros']
[3.204s] Level 1:colcon.colcon_core.package_identification:_identify(.) by extension 'ros'
[3.281s] Level 1:colcon.colcon_core.package_identification:_identify(.) by extensions ['cmake', 'python']
[3.281s] Level 1:colcon.colcon_core.package_identification:_identify(.) by extension 'cmake'
[3.282s] Level 1:colcon.colcon_core.package_identification:_identify(.) by extension 'python'
[3.282s] Level 1:colcon.colcon_core.package_identification:_identify(.) by extensions ['python_setup_py']
[3.282s] Level 1:colcon.colcon_core.package_identification:_identify(.) by extension 'python_setup_py'
[3.283s] Level 1:colcon.colcon_core.package_identification:_identify(build) by extensions ['ignore', 'ignore_ament_install']
[3.283s] Level 1:colcon.colcon_core.package_identification:_identify(build) by extension 'ignore'
[3.284s] Level 1:colcon.colcon_core.package_identification:_identify(build) ignored
[3.285s] Level 1:colcon.colcon_core.package_identification:_identify(install) by extensions ['ignore', 'ignore_ament_install']
[3.285s] Level 1:colcon.colcon_core.package_identification:_identify(install) by extension 'ignore'
[3.285s] Level 1:colcon.colcon_core.package_identification:_identify(install) ignored
[3.286s] Level 1:colcon.colcon_core.package_identification:_identify(log) by extensions ['ignore', 'ignore_ament_install']
[3.287s] Level 1:colcon.colcon_core.package_identification:_identify(log) by extension 'ignore'
[3.287s] Level 1:colcon.colcon_core.package_identification:_identify(log) ignored
[3.287s] Level 1:colcon.colcon_core.package_identification:_identify(src) by extensions ['ignore', 'ignore_ament_install']
[3.288s] Level 1:colcon.colcon_core.package_identification:_identify(src) by extension 'ignore'
[3.288s] Level 1:colcon.colcon_core.package_identification:_identify(src) by extension 'ignore_ament_install'
[3.288s] Level 1:colcon.colcon_core.package_identification:_identify(src) by extensions ['colcon_pkg']
[3.289s] Level 1:colcon.colcon_core.package_identification:_identify(src) by extension 'colcon_pkg'
[3.289s] Level 1:colcon.colcon_core.package_identification:_identify(src) by extensions ['colcon_meta']
[3.289s] Level 1:colcon.colcon_core.package_identification:_identify(src) by extension 'colcon_meta'
[3.289s] Level 1:colcon.colcon_core.package_identification:_identify(src) by extensions ['ros']
[3.290s] Level 1:colcon.colcon_core.package_identification:_identify(src) by extension 'ros'
[3.291s] Level 1:colcon.colcon_core.package_identification:_identify(src) by extensions ['cmake', 'python']
[3.291s] Level 1:colcon.colcon_core.package_identification:_identify(src) by extension 'cmake'
[3.292s] Level 1:colcon.colcon_core.package_identification:_identify(src) by extension 'python'
[3.292s] Level 1:colcon.colcon_core.package_identification:_identify(src) by extensions ['python_setup_py']
[3.292s] Level 1:colcon.colcon_core.package_identification:_identify(src) by extension 'python_setup_py'
[3.293s] Level 1:colcon.colcon_core.package_identification:_identify(src/crawler) by extensions ['ignore', 'ignore_ament_install']
[3.294s] Level 1:colcon.colcon_core.package_identification:_identify(src/crawler) by extension 'ignore'
[3.294s] Level 1:colcon.colcon_core.package_identification:_identify(src/crawler) by extension 'ignore_ament_install'
[3.294s] Level 1:colcon.colcon_core.package_identification:_identify(src/crawler) by extensions ['colcon_pkg']
[3.294s] Level 1:colcon.colcon_core.package_identification:_identify(src/crawler) by extension 'colcon_pkg'
[3.295s] Level 1:colcon.colcon_core.package_identification:_identify(src/crawler) by extensions ['colcon_meta']
[3.295s] Level 1:colcon.colcon_core.package_identification:_identify(src/crawler) by extension 'colcon_meta'
[3.295s] Level 1:colcon.colcon_core.package_identification:_identify(src/crawler) by extensions ['ros']
[3.295s] Level 1:colcon.colcon_core.package_identification:_identify(src/crawler) by extension 'ros'
[3.310s] DEBUG:colcon.colcon_core.package_identification:Package 'src/crawler' with type 'ros.ament_python' and name 'crawler'
[3.311s] Level 1:colcon.colcon_core.package_discovery:discover_packages(recursive) using defaults
[3.311s] Level 1:colcon.colcon_core.package_discovery:discover_packages(ignore) discover
[3.311s] Level 1:colcon.colcon_core.package_discovery:discover_packages(ignore) using defaults
[3.311s] Level 1:colcon.colcon_core.package_discovery:discover_packages(path) discover
[3.311s] Level 1:colcon.colcon_core.package_discovery:discover_packages(path) using defaults
[3.475s] Level 1:colcon.colcon_core.package_discovery:discover_packages(prefix_path) check parameters
[3.476s] Level 1:colcon.colcon_core.package_discovery:discover_packages(prefix_path) discover
[3.502s] DEBUG:colcon.colcon_installed_package_information.package_discovery:Found 274 installed packages in /opt/ros/humble
[3.514s] Level 1:colcon.colcon_core.package_discovery:discover_packages(prefix_path) using defaults
[3.938s] Level 5:colcon.colcon_core.verb:set package 'crawler' build argument 'cmake_args' from command line to 'None'
[3.938s] Level 5:colcon.colcon_core.verb:set package 'crawler' build argument 'cmake_target' from command line to 'None'
[3.938s] Level 5:colcon.colcon_core.verb:set package 'crawler' build argument 'cmake_target_skip_unavailable' from command line to 'False'
[3.938s] Level 5:colcon.colcon_core.verb:set package 'crawler' build argument 'cmake_clean_cache' from command line to 'False'
[3.939s] Level 5:colcon.colcon_core.verb:set package 'crawler' build argument 'cmake_clean_first' from command line to 'False'
[3.939s] Level 5:colcon.colcon_core.verb:set package 'crawler' build argument 'cmake_force_configure' from command line to 'False'
[3.939s] Level 5:colcon.colcon_core.verb:set package 'crawler' build argument 'ament_cmake_args' from command line to 'None'
[3.939s] Level 5:colcon.colcon_core.verb:set package 'crawler' build argument 'catkin_cmake_args' from command line to 'None'
[3.939s] Level 5:colcon.colcon_core.verb:set package 'crawler' build argument 'catkin_skip_building_tests' from command line to 'False'
[3.939s] DEBUG:colcon.colcon_core.verb:Building package 'crawler' with the following arguments: {'ament_cmake_args': None, 'build_base': '/home/odroid/ros2_ws/build/crawler', 'catkin_cmake_args': None, 'catkin_skip_building_tests': False, 'cmake_args': None, 'cmake_clean_cache': False, 'cmake_clean_first': False, 'cmake_force_configure': False, 'cmake_target': None, 'cmake_target_skip_unavailable': False, 'install_base': '/home/odroid/ros2_ws/install/crawler', 'merge_install': False, 'path': '/home/odroid/ros2_ws/src/crawler', 'symlink_install': False, 'test_result_base': None}
[3.944s] INFO:colcon.colcon_core.executor:Executing jobs using 'parallel' executor
[3.965s] DEBUG:colcon.colcon_parallel_executor.executor.parallel:run_until_complete
[3.966s] INFO:colcon.colcon_ros.task.ament_python.build:Building ROS package in '/home/odroid/ros2_ws/src/crawler' with build type 'ament_python'
[3.967s] Level 1:colcon.colcon_core.shell:create_environment_hook('crawler', 'ament_prefix_path')
[4.011s] INFO:colcon.colcon_core.plugin_system:Skipping extension 'colcon_core.shell.bat': Not used on non-Windows systems
[4.012s] INFO:colcon.colcon_core.shell:Creating environment hook '/home/odroid/ros2_ws/install/crawler/share/crawler/hook/ament_prefix_path.ps1'
[4.017s] INFO:colcon.colcon_core.shell:Creating environment descriptor '/home/odroid/ros2_ws/install/crawler/share/crawler/hook/ament_prefix_path.dsv'
[4.021s] INFO:colcon.colcon_core.shell:Creating environment hook '/home/odroid/ros2_ws/install/crawler/share/crawler/hook/ament_prefix_path.sh'
[4.032s] INFO:colcon.colcon_core.shell:Skip shell extension 'powershell' for command environment: Not usable outside of PowerShell
[4.033s] DEBUG:colcon.colcon_core.shell:Skip shell extension 'dsv' for command environment
[5.806s] INFO:colcon.colcon_core.task.python.build:Building Python package in '/home/odroid/ros2_ws/src/crawler'
[5.817s] INFO:colcon.colcon_core.shell:Skip shell extension 'powershell' for command environment: Not usable outside of PowerShell
[5.818s] DEBUG:colcon.colcon_core.shell:Skip shell extension 'dsv' for command environment
[8.301s] DEBUG:colcon.colcon_core.event_handler.log_command:Invoking command in '/home/odroid/ros2_ws/src/crawler': PYTHONPATH=/home/odroid/ros2_ws/build/crawler/prefix_override:/home/odroid/ros2_ws/install/crawler/lib/python3.10/site-packages:${PYTHONPATH} /usr/bin/python3 setup.py egg_info --egg-base ../../build/crawler build --build-base /home/odroid/ros2_ws/build/crawler/build install --record /home/odroid/ros2_ws/build/crawler/install.log --single-version-externally-managed
[10.527s] DEBUG:colcon.colcon_core.event_handler.log_command:Invoked command in '/home/odroid/ros2_ws/src/crawler' returned '0': PYTHONPATH=/home/odroid/ros2_ws/build/crawler/prefix_override:/home/odroid/ros2_ws/install/crawler/lib/python3.10/site-packages:${PYTHONPATH} /usr/bin/python3 setup.py egg_info --egg-base ../../build/crawler build --build-base /home/odroid/ros2_ws/build/crawler/build install --record /home/odroid/ros2_ws/build/crawler/install.log --single-version-externally-managed
[10.571s] Level 1:colcon.colcon_core.environment:checking '/home/odroid/ros2_ws/install/crawler' for CMake module files
[10.574s] Level 1:colcon.colcon_core.environment:checking '/home/odroid/ros2_ws/install/crawler' for CMake config files
[10.577s] Level 1:colcon.colcon_core.environment:checking '/home/odroid/ros2_ws/install/crawler/lib'
[10.578s] Level 1:colcon.colcon_core.environment:checking '/home/odroid/ros2_ws/install/crawler/bin'
[10.579s] Level 1:colcon.colcon_core.environment:checking '/home/odroid/ros2_ws/install/crawler/lib/pkgconfig/crawler.pc'
[10.580s] Level 1:colcon.colcon_core.environment:checking '/home/odroid/ros2_ws/install/crawler/lib/python3.10/site-packages'
[10.581s] Level 1:colcon.colcon_core.shell:create_environment_hook('crawler', 'pythonpath')
[10.589s] INFO:colcon.colcon_core.shell:Creating environment hook '/home/odroid/ros2_ws/install/crawler/share/crawler/hook/pythonpath.ps1'
[10.591s] INFO:colcon.colcon_core.shell:Creating environment descriptor '/home/odroid/ros2_ws/install/crawler/share/crawler/hook/pythonpath.dsv'
[10.593s] INFO:colcon.colcon_core.shell:Creating environment hook '/home/odroid/ros2_ws/install/crawler/share/crawler/hook/pythonpath.sh'
[10.596s] Level 1:colcon.colcon_core.environment:checking '/home/odroid/ros2_ws/install/crawler/bin'
[10.597s] Level 1:colcon.colcon_core.environment:create_environment_scripts_only(crawler)
[10.606s] INFO:colcon.colcon_core.shell:Creating package script '/home/odroid/ros2_ws/install/crawler/share/crawler/package.ps1'
[10.612s] INFO:colcon.colcon_core.shell:Creating package descriptor '/home/odroid/ros2_ws/install/crawler/share/crawler/package.dsv'
[10.616s] INFO:colcon.colcon_core.shell:Creating package script '/home/odroid/ros2_ws/install/crawler/share/crawler/package.sh'
[10.622s] INFO:colcon.colcon_core.shell:Creating package script '/home/odroid/ros2_ws/install/crawler/share/crawler/package.bash'
[10.628s] INFO:colcon.colcon_core.shell:Creating package script '/home/odroid/ros2_ws/install/crawler/share/crawler/package.zsh'
[10.633s] Level 1:colcon.colcon_core.environment:create_file_with_runtime_dependencies(/home/odroid/ros2_ws/install/crawler/share/colcon-core/packages/crawler)
[10.635s] DEBUG:colcon.colcon_parallel_executor.executor.parallel:closing loop
[10.638s] DEBUG:colcon.colcon_parallel_executor.executor.parallel:loop closed
[10.638s] DEBUG:colcon.colcon_parallel_executor.executor.parallel:run_until_complete finished with '0'
[10.639s] DEBUG:colcon.colcon_core.event_reactor:joining thread
[10.675s] INFO:colcon.colcon_core.plugin_system:Skipping extension 'colcon_notification.desktop_notification.terminal_notifier': Not used on non-Darwin systems
[10.676s] INFO:colcon.colcon_core.plugin_system:Skipping extension 'colcon_notification.desktop_notification.win32': Not used on non-Windows systems
[10.676s] INFO:colcon.colcon_notification.desktop_notification:Sending desktop notification using 'notify2'
[11.302s] DEBUG:colcon.colcon_core.event_reactor:joined thread
[11.312s] INFO:colcon.colcon_core.shell:Creating prefix script '/home/odroid/ros2_ws/install/local_setup.ps1'
[11.318s] INFO:colcon.colcon_core.shell:Creating prefix util module '/home/odroid/ros2_ws/install/_local_setup_util_ps1.py'
[11.326s] INFO:colcon.colcon_core.shell:Creating prefix chain script '/home/odroid/ros2_ws/install/setup.ps1'
[11.334s] INFO:colcon.colcon_core.shell:Creating prefix script '/home/odroid/ros2_ws/install/local_setup.sh'
[11.338s] INFO:colcon.colcon_core.shell:Creating prefix util module '/home/odroid/ros2_ws/install/_local_setup_util_sh.py'
[11.341s] INFO:colcon.colcon_core.shell:Creating prefix chain script '/home/odroid/ros2_ws/install/setup.sh'
[11.350s] INFO:colcon.colcon_core.shell:Creating prefix script '/home/odroid/ros2_ws/install/local_setup.bash'
[11.353s] INFO:colcon.colcon_core.shell:Creating prefix chain script '/home/odroid/ros2_ws/install/setup.bash'
[11.361s] INFO:colcon.colcon_core.shell:Creating prefix script '/home/odroid/ros2_ws/install/local_setup.zsh'
[11.365s] INFO:colcon.colcon_core.shell:Creating prefix chain script '/home/odroid/ros2_ws/install/setup.zsh'
